<?xml version="1.0" encoding="UTF-8"?>
<testng-results ignored="0" total="2" passed="2" failed="0" skipped="0">
  <reporter-output>
  </reporter-output>
  <suite started-at="2025-06-23T20:02:36 IST" name="Default suite" finished-at="2025-06-23T20:02:59 IST" duration-ms="22804">
    <groups>
      <group name="cucumber">
        <method signature="AbstractTestNGCucumberTests.runScenario(io.cucumber.testng.PickleWrapper,io.cucumber.testng.FeatureWrapper)[pri:0, instance:Framework.TestRunner@24313fcc]" name="runScenario" class="io.cucumber.testng.AbstractTestNGCucumberTests"/>
      </group> <!-- cucumber -->
    </groups>
    <test started-at="2025-06-23T20:02:36 IST" name="Default test" finished-at="2025-06-23T20:02:59 IST" duration-ms="22804">
      <class name="Framework.TestRunner">
        <test-method is-config="true" signature="setUpClass(org.testng.ITestContext)[pri:0, instance:Framework.TestRunner@24313fcc]" started-at="2025-06-23T20:02:36 IST" name="setUpClass" finished-at="2025-06-23T20:02:37 IST" duration-ms="150" status="PASS">
          <params>
            <param index="0">
              <value>
                <![CDATA[org.testng.TestRunner@765ffb14]]>
              </value>
            </param>
          </params>
          <reporter-output>
          </reporter-output>
        </test-method> <!-- setUpClass -->
        <test-method signature="runScenario(io.cucumber.testng.PickleWrapper,io.cucumber.testng.FeatureWrapper)[pri:0, instance:Framework.TestRunner@24313fcc]" started-at="2025-06-23T20:02:37 IST" name="runScenario" description="Runs Cucumber Scenarios" data-provider="scenarios" finished-at="2025-06-23T20:02:50 IST" duration-ms="13267" status="PASS">
          <params>
            <param index="0">
              <value>
                <![CDATA["verify the value of 'c' in payload and invalid signature is displayed when 'token' is passed"]]>
              </value>
            </param>
            <param index="1">
              <value>
                <![CDATA["CASA Feature"]]>
              </value>
            </param>
          </params>
          <reporter-output>
          </reporter-output>
        </test-method> <!-- runScenario -->
        <test-method signature="runScenario(io.cucumber.testng.PickleWrapper,io.cucumber.testng.FeatureWrapper)[pri:0, instance:Framework.TestRunner@24313fcc]" started-at="2025-06-23T20:02:50 IST" name="runScenario" description="Runs Cucumber Scenarios" data-provider="scenarios" finished-at="2025-06-23T20:02:59 IST" duration-ms="9354" status="PASS">
          <params>
            <param index="0">
              <value>
                <![CDATA["verify the Example 2 scenraios"]]>
              </value>
            </param>
            <param index="1">
              <value>
                <![CDATA["CASA Feature"]]>
              </value>
            </param>
          </params>
          <reporter-output>
          </reporter-output>
        </test-method> <!-- runScenario -->
        <test-method is-config="true" signature="tearDownClass()[pri:0, instance:Framework.TestRunner@24313fcc]" started-at="2025-06-23T20:02:59 IST" name="tearDownClass" finished-at="2025-06-23T20:02:59 IST" duration-ms="2" status="PASS">
          <reporter-output>
          </reporter-output>
        </test-method> <!-- tearDownClass -->
      </class> <!-- Framework.TestRunner -->
    </test> <!-- Default test -->
  </suite> <!-- Default suite -->
</testng-results>
